# JRE version: Java(TM) SE Runtime Environment (8.0_102-b14) (build 1.8.0_102-b14)
# Java VM: Java HotSpot(TM) 64-Bit Server VM (25.102-b14 mixed mode windows-amd64 compressed oops)
Heap:
 PSYoungGen      total 195072K, used 122949K [0x00000000eab00000, 0x00000000ffa00000, 0x0000000100000000)
  eden space 172032K, 71% used [0x00000000eab00000,0x00000000f23116f0,0x00000000f5300000)
  from space 23040K, 0% used [0x00000000f5300000,0x00000000f5300000,0x00000000f6980000)
  to   space 85504K, 0% used [0x00000000fa680000,0x00000000fa680000,0x00000000ffa00000)
 ParOldGen       total 430080K, used 220204K [0x00000000c0000000, 0x00000000da400000, 0x00000000eab00000)
  object space 430080K, 51% used [0x00000000c0000000,0x00000000cd70b2d8,0x00000000da400000)
 Metaspace       used 62631K, capacity 63674K, committed 64088K, reserved 1103872K
  class space    used 8397K, capacity 8720K, committed 8832K, reserved 1048576K
GC Heap History (10 events):
Event: 30.771 GC heap before
{Heap before GC invocations=25 (full 4):
 PSYoungGen      total 257024K, used 233613K [0x00000000eab00000, 0x0000000100000000, 0x0000000100000000)
  eden space 175104K, 100% used [0x00000000eab00000,0x00000000f5600000,0x00000000f5600000)
  from space 81920K, 71% used [0x00000000fb000000,0x00000000fe9234f0,0x0000000100000000)
  to   space 87040K, 0% used [0x00000000f5600000,0x00000000f5600000,0x00000000fab00000)
 ParOldGen       total 264704K, used 186611K [0x00000000c0000000, 0x00000000d0280000, 0x00000000eab00000)
  object space 264704K, 70% used [0x00000000c0000000,0x00000000cb63cd30,0x00000000d0280000)
 Metaspace       used 62160K, capacity 63156K, committed 63448K, reserved 1103872K
  class space    used 8299K, capacity 8591K, committed 8704K, reserved 1048576K
Event: 30.937 GC heap after
Heap after GC invocations=25 (full 4):
 PSYoungGen      total 229376K, used 54177K [0x00000000eab00000, 0x0000000100000000, 0x0000000100000000)
  eden space 175104K, 0% used [0x00000000eab00000,0x00000000eab00000,0x00000000f5600000)
  from space 54272K, 99% used [0x00000000f5600000,0x00000000f8ae8640,0x00000000f8b00000)
  to   space 89088K, 0% used [0x00000000fa900000,0x00000000fa900000,0x0000000100000000)
 ParOldGen       total 264704K, used 240875K [0x00000000c0000000, 0x00000000d0280000, 0x00000000eab00000)
  object space 264704K, 90% used [0x00000000c0000000,0x00000000ceb3ad50,0x00000000d0280000)
 Metaspace       used 62160K, capacity 63156K, committed 63448K, reserved 1103872K
  class space    used 8299K, capacity 8591K, committed 8704K, reserved 1048576K
}
Event: 30.937 GC heap before
{Heap before GC invocations=26 (full 5):
 PSYoungGen      total 229376K, used 54177K [0x00000000eab00000, 0x0000000100000000, 0x0000000100000000)
  eden space 175104K, 0% used [0x00000000eab00000,0x00000000eab00000,0x00000000f5600000)
  from space 54272K, 99% used [0x00000000f5600000,0x00000000f8ae8640,0x00000000f8b00000)
  to   space 89088K, 0% used [0x00000000fa900000,0x00000000fa900000,0x0000000100000000)
 ParOldGen       total 264704K, used 240875K [0x00000000c0000000, 0x00000000d0280000, 0x00000000eab00000)
  object space 264704K, 90% used [0x00000000c0000000,0x00000000ceb3ad50,0x00000000d0280000)
 Metaspace       used 62160K, capacity 63156K, committed 63448K, reserved 1103872K
  class space    used 8299K, capacity 8591K, committed 8704K, reserved 1048576K
Event: 32.013 GC heap after
Heap after GC invocations=26 (full 5):
 PSYoungGen      total 229376K, used 0K [0x00000000eab00000, 0x0000000100000000, 0x0000000100000000)
  eden space 175104K, 0% used [0x00000000eab00000,0x00000000eab00000,0x00000000f5600000)
  from space 54272K, 0% used [0x00000000f5600000,0x00000000f5600000,0x00000000f8b00000)
  to   space 89088K, 0% used [0x00000000fa900000,0x00000000fa900000,0x0000000100000000)
 ParOldGen       total 264704K, used 188092K [0x00000000c0000000, 0x00000000d0280000, 0x00000000eab00000)
  object space 264704K, 71% used [0x00000000c0000000,0x00000000cb7af2c0,0x00000000d0280000)
 Metaspace       used 62160K, capacity 63156K, committed 63448K, reserved 1103872K
  class space    used 8299K, capacity 8591K, committed 8704K, reserved 1048576K
}
Event: 32.748 GC heap before
{Heap before GC invocations=27 (full 5):
 PSYoungGen      total 229376K, used 175104K [0x00000000eab00000, 0x0000000100000000, 0x0000000100000000)
  eden space 175104K, 100% used [0x00000000eab00000,0x00000000f5600000,0x00000000f5600000)
  from space 54272K, 0% used [0x00000000f5600000,0x00000000f5600000,0x00000000f8b00000)
  to   space 89088K, 0% used [0x00000000fa900000,0x00000000fa900000,0x0000000100000000)
 ParOldGen       total 264704K, used 188094K [0x00000000c0000000, 0x00000000d0280000, 0x00000000eab00000)
  object space 264704K, 71% used [0x00000000c0000000,0x00000000cb7afa20,0x00000000d0280000)
 Metaspace       used 62191K, capacity 63188K, committed 63448K, reserved 1103872K
  class space    used 8306K, capacity 8623K, committed 8704K, reserved 1048576K
Event: 32.844 GC heap after
Heap after GC invocations=27 (full 5):
 PSYoungGen      total 261120K, used 47944K [0x00000000eab00000, 0x0000000100000000, 0x0000000100000000)
  eden space 172032K, 0% used [0x00000000eab00000,0x00000000eab00000,0x00000000f5300000)
  from space 89088K, 53% used [0x00000000fa900000,0x00000000fd7d2240,0x0000000100000000)
  to   space 88064K, 0% used [0x00000000f5300000,0x00000000f5300000,0x00000000fa900000)
 ParOldGen       total 264704K, used 188094K [0x00000000c0000000, 0x00000000d0280000, 0x00000000eab00000)
  object space 264704K, 71% used [0x00000000c0000000,0x00000000cb7afa20,0x00000000d0280000)
 Metaspace       used 62191K, capacity 63188K, committed 63448K, reserved 1103872K
  class space    used 8306K, capacity 8623K, committed 8704K, reserved 1048576K
}
Event: 34.259 GC heap before
{Heap before GC invocations=28 (full 5):
 PSYoungGen      total 261120K, used 219976K [0x00000000eab00000, 0x0000000100000000, 0x0000000100000000)
  eden space 172032K, 100% used [0x00000000eab00000,0x00000000f5300000,0x00000000f5300000)
  from space 89088K, 53% used [0x00000000fa900000,0x00000000fd7d2240,0x0000000100000000)
  to   space 88064K, 0% used [0x00000000f5300000,0x00000000f5300000,0x00000000fa900000)
 ParOldGen       total 264704K, used 188094K [0x00000000c0000000, 0x00000000d0280000, 0x00000000eab00000)
  object space 264704K, 71% used [0x00000000c0000000,0x00000000cb7afa20,0x00000000d0280000)
 Metaspace       used 62621K, capacity 63628K, committed 63832K, reserved 1103872K
  class space    used 8398K, capacity 8723K, committed 8832K, reserved 1048576K
Event: 34.368 GC heap after
Heap after GC invocations=28 (full 5):
 PSYoungGen      total 195072K, used 22960K [0x00000000eab00000, 0x00000000ffa00000, 0x0000000100000000)
  eden space 172032K, 0% used [0x00000000eab00000,0x00000000eab00000,0x00000000f5300000)
  from space 23040K, 99% used [0x00000000f5300000,0x00000000f696c328,0x00000000f6980000)
  to   space 85504K, 0% used [0x00000000fa680000,0x00000000fa680000,0x00000000ffa00000)
 ParOldGen       total 264704K, used 230623K [0x00000000c0000000, 0x00000000d0280000, 0x00000000eab00000)
  object space 264704K, 87% used [0x00000000c0000000,0x00000000ce137f78,0x00000000d0280000)
 Metaspace       used 62621K, capacity 63628K, committed 63832K, reserved 1103872K
  class space    used 8398K, capacity 8723K, committed 8832K, reserved 1048576K
}
Event: 34.368 GC heap before
{Heap before GC invocations=29 (full 6):
 PSYoungGen      total 195072K, used 22960K [0x00000000eab00000, 0x00000000ffa00000, 0x0000000100000000)
  eden space 172032K, 0% used [0x00000000eab00000,0x00000000eab00000,0x00000000f5300000)
  from space 23040K, 99% used [0x00000000f5300000,0x00000000f696c328,0x00000000f6980000)
  to   space 85504K, 0% used [0x00000000fa680000,0x00000000fa680000,0x00000000ffa00000)
 ParOldGen       total 264704K, used 230623K [0x00000000c0000000, 0x00000000d0280000, 0x00000000eab00000)
  object space 264704K, 87% used [0x00000000c0000000,0x00000000ce137f78,0x00000000d0280000)
 Metaspace       used 62621K, capacity 63628K, committed 63832K, reserved 1103872K
  class space    used 8398K, capacity 8723K, committed 8832K, reserved 1048576K
Event: 35.119 GC heap after
Heap after GC invocations=29 (full 6):
 PSYoungGen      total 195072K, used 0K [0x00000000eab00000, 0x00000000ffa00000, 0x0000000100000000)
  eden space 172032K, 0% used [0x00000000eab00000,0x00000000eab00000,0x00000000f5300000)
  from space 23040K, 0% used [0x00000000f5300000,0x00000000f5300000,0x00000000f6980000)
  to   space 85504K, 0% used [0x00000000fa680000,0x00000000fa680000,0x00000000ffa00000)
 ParOldGen       total 430080K, used 220204K [0x00000000c0000000, 0x00000000da400000, 0x00000000eab00000)
  object space 430080K, 51% used [0x00000000c0000000,0x00000000cd70b2d8,0x00000000da400000)
 Metaspace       used 62610K, capacity 63610K, committed 63832K, reserved 1103872K
  class space    used 8397K, capacity 8720K, committed 8832K, reserved 1048576K
}

