# JRE version: Java(TM) SE Runtime Environment (8.0_102-b14) (build 1.8.0_102-b14)
# Java VM: Java HotSpot(TM) 64-Bit Server VM (25.102-b14 mixed mode windows-amd64 compressed oops)
Heap:
 PSYoungGen      total 229888K, used 152572K [0x00000000eab00000, 0x00000000ffd00000, 0x0000000100000000)
  eden space 116736K, 100% used [0x00000000eab00000,0x00000000f1d00000,0x00000000f1d00000)
  from space 113152K, 31% used [0x00000000f8e80000,0x00000000fb17f3e8,0x00000000ffd00000)
  to   space 114688K, 0% used [0x00000000f1d00000,0x00000000f1d00000,0x00000000f8d00000)
 ParOldGen       total 699392K, used 634346K [0x00000000c0000000, 0x00000000eab00000, 0x00000000eab00000)
  object space 699392K, 90% used [0x00000000c0000000,0x00000000e6b7abc8,0x00000000eab00000)
 Metaspace       used 68800K, capacity 69786K, committed 70016K, reserved 1110016K
  class space    used 9037K, capacity 9340K, committed 9344K, reserved 1048576K
GC Heap History (10 events):
Event: 67.916 GC heap before
{Heap before GC invocations=58 (full 8):
 PSYoungGen      total 232960K, used 206018K [0x00000000eab00000, 0x0000000100000000, 0x0000000100000000)
  eden space 116736K, 100% used [0x00000000eab00000,0x00000000f1d00000,0x00000000f1d00000)
  from space 116224K, 76% used [0x00000000f1d00000,0x00000000f7430b90,0x00000000f8e80000)
  to   space 116224K, 0% used [0x00000000f8e80000,0x00000000f8e80000,0x0000000100000000)
 ParOldGen       total 699392K, used 511747K [0x00000000c0000000, 0x00000000eab00000, 0x00000000eab00000)
  object space 699392K, 73% used [0x00000000c0000000,0x00000000df3c0fd0,0x00000000eab00000)
 Metaspace       used 68079K, capacity 69050K, committed 69504K, reserved 1110016K
  class space    used 9005K, capacity 9308K, committed 9344K, reserved 1048576K
Event: 68.061 GC heap after
Heap after GC invocations=58 (full 8):
 PSYoungGen      total 232960K, used 76352K [0x00000000eab00000, 0x0000000100000000, 0x0000000100000000)
  eden space 116736K, 0% used [0x00000000eab00000,0x00000000eab00000,0x00000000f1d00000)
  from space 116224K, 65% used [0x00000000f8e80000,0x00000000fd910010,0x0000000100000000)
  to   space 116224K, 0% used [0x00000000f1d00000,0x00000000f1d00000,0x00000000f8e80000)
 ParOldGen       total 699392K, used 535348K [0x00000000c0000000, 0x00000000eab00000, 0x00000000eab00000)
  object space 699392K, 76% used [0x00000000c0000000,0x00000000e0acd398,0x00000000eab00000)
 Metaspace       used 68079K, capacity 69050K, committed 69504K, reserved 1110016K
  class space    used 9005K, capacity 9308K, committed 9344K, reserved 1048576K
}
Event: 68.565 GC heap before
{Heap before GC invocations=59 (full 8):
 PSYoungGen      total 232960K, used 193088K [0x00000000eab00000, 0x0000000100000000, 0x0000000100000000)
  eden space 116736K, 100% used [0x00000000eab00000,0x00000000f1d00000,0x00000000f1d00000)
  from space 116224K, 65% used [0x00000000f8e80000,0x00000000fd910010,0x0000000100000000)
  to   space 116224K, 0% used [0x00000000f1d00000,0x00000000f1d00000,0x00000000f8e80000)
 ParOldGen       total 699392K, used 535348K [0x00000000c0000000, 0x00000000eab00000, 0x00000000eab00000)
  object space 699392K, 76% used [0x00000000c0000000,0x00000000e0acd398,0x00000000eab00000)
 Metaspace       used 68079K, capacity 69050K, committed 69504K, reserved 1110016K
  class space    used 9005K, capacity 9308K, committed 9344K, reserved 1048576K
Event: 68.715 GC heap after
Heap after GC invocations=59 (full 8):
 PSYoungGen      total 232960K, used 61753K [0x00000000eab00000, 0x0000000100000000, 0x0000000100000000)
  eden space 116736K, 0% used [0x00000000eab00000,0x00000000eab00000,0x00000000f1d00000)
  from space 116224K, 53% used [0x00000000f1d00000,0x00000000f594e508,0x00000000f8e80000)
  to   space 116224K, 0% used [0x00000000f8e80000,0x00000000f8e80000,0x0000000100000000)
 ParOldGen       total 699392K, used 561728K [0x00000000c0000000, 0x00000000eab00000, 0x00000000eab00000)
  object space 699392K, 80% used [0x00000000c0000000,0x00000000e2490010,0x00000000eab00000)
 Metaspace       used 68079K, capacity 69050K, committed 69504K, reserved 1110016K
  class space    used 9005K, capacity 9308K, committed 9344K, reserved 1048576K
}
Event: 69.078 GC heap before
{Heap before GC invocations=60 (full 8):
 PSYoungGen      total 232960K, used 178489K [0x00000000eab00000, 0x0000000100000000, 0x0000000100000000)
  eden space 116736K, 100% used [0x00000000eab00000,0x00000000f1d00000,0x00000000f1d00000)
  from space 116224K, 53% used [0x00000000f1d00000,0x00000000f594e508,0x00000000f8e80000)
  to   space 116224K, 0% used [0x00000000f8e80000,0x00000000f8e80000,0x0000000100000000)
 ParOldGen       total 699392K, used 561728K [0x00000000c0000000, 0x00000000eab00000, 0x00000000eab00000)
  object space 699392K, 80% used [0x00000000c0000000,0x00000000e2490010,0x00000000eab00000)
 Metaspace       used 68084K, capacity 69050K, committed 69504K, reserved 1110016K
  class space    used 9005K, capacity 9308K, committed 9344K, reserved 1048576K
Event: 69.276 GC heap after
Heap after GC invocations=60 (full 8):
 PSYoungGen      total 232960K, used 44800K [0x00000000eab00000, 0x0000000100000000, 0x0000000100000000)
  eden space 116736K, 0% used [0x00000000eab00000,0x00000000eab00000,0x00000000f1d00000)
  from space 116224K, 38% used [0x00000000f8e80000,0x00000000fba40010,0x0000000100000000)
  to   space 116224K, 0% used [0x00000000f1d00000,0x00000000f1d00000,0x00000000f8e80000)
 ParOldGen       total 699392K, used 589568K [0x00000000c0000000, 0x00000000eab00000, 0x00000000eab00000)
  object space 699392K, 84% used [0x00000000c0000000,0x00000000e3fc0398,0x00000000eab00000)
 Metaspace       used 68084K, capacity 69050K, committed 69504K, reserved 1110016K
  class space    used 9005K, capacity 9308K, committed 9344K, reserved 1048576K
}
Event: 69.654 GC heap before
{Heap before GC invocations=61 (full 8):
 PSYoungGen      total 232960K, used 161536K [0x00000000eab00000, 0x0000000100000000, 0x0000000100000000)
  eden space 116736K, 100% used [0x00000000eab00000,0x00000000f1d00000,0x00000000f1d00000)
  from space 116224K, 38% used [0x00000000f8e80000,0x00000000fba40010,0x0000000100000000)
  to   space 116224K, 0% used [0x00000000f1d00000,0x00000000f1d00000,0x00000000f8e80000)
 ParOldGen       total 699392K, used 589568K [0x00000000c0000000, 0x00000000eab00000, 0x00000000eab00000)
  object space 699392K, 84% used [0x00000000c0000000,0x00000000e3fc0398,0x00000000eab00000)
 Metaspace       used 68085K, capacity 69050K, committed 69504K, reserved 1110016K
  class space    used 9006K, capacity 9308K, committed 9344K, reserved 1048576K
Event: 69.778 GC heap after
Heap after GC invocations=61 (full 8):
 PSYoungGen      total 232960K, used 33977K [0x00000000eab00000, 0x0000000100000000, 0x0000000100000000)
  eden space 116736K, 0% used [0x00000000eab00000,0x00000000eab00000,0x00000000f1d00000)
  from space 116224K, 29% used [0x00000000f1d00000,0x00000000f3e2e4f8,0x00000000f8e80000)
  to   space 116224K, 0% used [0x00000000f8e80000,0x00000000f8e80000,0x0000000100000000)
 ParOldGen       total 699392K, used 611987K [0x00000000c0000000, 0x00000000eab00000, 0x00000000eab00000)
  object space 699392K, 87% used [0x00000000c0000000,0x00000000e55a4cc0,0x00000000eab00000)
 Metaspace       used 68085K, capacity 69050K, committed 69504K, reserved 1110016K
  class space    used 9006K, capacity 9308K, committed 9344K, reserved 1048576K
}
Event: 82.665 GC heap before
{Heap before GC invocations=62 (full 8):
 PSYoungGen      total 232960K, used 150713K [0x00000000eab00000, 0x0000000100000000, 0x0000000100000000)
  eden space 116736K, 100% used [0x00000000eab00000,0x00000000f1d00000,0x00000000f1d00000)
  from space 116224K, 29% used [0x00000000f1d00000,0x00000000f3e2e4f8,0x00000000f8e80000)
  to   space 116224K, 0% used [0x00000000f8e80000,0x00000000f8e80000,0x0000000100000000)
 ParOldGen       total 699392K, used 611987K [0x00000000c0000000, 0x00000000eab00000, 0x00000000eab00000)
  object space 699392K, 87% used [0x00000000c0000000,0x00000000e55a4cc0,0x00000000eab00000)
 Metaspace       used 68761K, capacity 69786K, committed 70016K, reserved 1110016K
  class space    used 9036K, capacity 9340K, committed 9344K, reserved 1048576K
Event: 82.801 GC heap after
Heap after GC invocations=62 (full 8):
 PSYoungGen      total 229888K, used 35836K [0x00000000eab00000, 0x00000000ffd00000, 0x0000000100000000)
  eden space 116736K, 0% used [0x00000000eab00000,0x00000000eab00000,0x00000000f1d00000)
  from space 113152K, 31% used [0x00000000f8e80000,0x00000000fb17f3e8,0x00000000ffd00000)
  to   space 114688K, 0% used [0x00000000f1d00000,0x00000000f1d00000,0x00000000f8d00000)
 ParOldGen       total 699392K, used 634346K [0x00000000c0000000, 0x00000000eab00000, 0x00000000eab00000)
  object space 699392K, 90% used [0x00000000c0000000,0x00000000e6b7abc8,0x00000000eab00000)
 Metaspace       used 68761K, capacity 69786K, committed 70016K, reserved 1110016K
  class space    used 9036K, capacity 9340K, committed 9344K, reserved 1048576K
}

