# JRE version: Java(TM) SE Runtime Environment (8.0_102-b14) (build 1.8.0_102-b14)
# Java VM: Java HotSpot(TM) 64-Bit Server VM (25.102-b14 mixed mode windows-amd64 compressed oops)
Heap:
 PSYoungGen      total 255488K, used 83887K [0x00000000eab00000, 0x00000000fff80000, 0x0000000100000000)
  eden space 166400K, 11% used [0x00000000eab00000,0x00000000ebe70748,0x00000000f4d80000)
  from space 89088K, 71% used [0x00000000fa880000,0x00000000fe6fb6a0,0x00000000fff80000)
  to   space 91136K, 0% used [0x00000000f4d80000,0x00000000f4d80000,0x00000000fa680000)
 ParOldGen       total 539136K, used 430998K [0x00000000c0000000, 0x00000000e0e80000, 0x00000000eab00000)
  object space 539136K, 79% used [0x00000000c0000000,0x00000000da4e58e8,0x00000000e0e80000)
 Metaspace       used 68201K, capacity 69252K, committed 69504K, reserved 1110016K
  class space    used 9008K, capacity 9309K, committed 9344K, reserved 1048576K
GC Heap History (10 events):
Event: 109.887 GC heap before
{Heap before GC invocations=47 (full 8):
 PSYoungGen      total 270848K, used 249184K [0x00000000eab00000, 0x0000000100000000, 0x0000000100000000)
  eden space 195584K, 100% used [0x00000000eab00000,0x00000000f6a00000,0x00000000f6a00000)
  from space 75264K, 71% used [0x00000000fb680000,0x00000000fead8000,0x0000000100000000)
  to   space 76800K, 0% used [0x00000000f6a00000,0x00000000f6a00000,0x00000000fb500000)
 ParOldGen       total 539136K, used 422350K [0x00000000c0000000, 0x00000000e0e80000, 0x00000000eab00000)
  object space 539136K, 78% used [0x00000000c0000000,0x00000000d9c73b38,0x00000000e0e80000)
 Metaspace       used 66674K, capacity 67684K, committed 67840K, reserved 1107968K
  class space    used 8905K, capacity 9213K, committed 9216K, reserved 1048576K
Event: 110.184 GC heap after
Heap after GC invocations=47 (full 8):
 PSYoungGen      total 272384K, used 76800K [0x00000000eab00000, 0x0000000100000000, 0x0000000100000000)
  eden space 195584K, 0% used [0x00000000eab00000,0x00000000eab00000,0x00000000f6a00000)
  from space 76800K, 100% used [0x00000000f6a00000,0x00000000fb500000,0x00000000fb500000)
  to   space 76800K, 0% used [0x00000000fb500000,0x00000000fb500000,0x0000000100000000)
 ParOldGen       total 539136K, used 449150K [0x00000000c0000000, 0x00000000e0e80000, 0x00000000eab00000)
  object space 539136K, 83% used [0x00000000c0000000,0x00000000db69fb38,0x00000000e0e80000)
 Metaspace       used 66674K, capacity 67684K, committed 67840K, reserved 1107968K
  class space    used 8905K, capacity 9213K, committed 9216K, reserved 1048576K
}
Event: 110.566 GC heap before
{Heap before GC invocations=48 (full 8):
 PSYoungGen      total 272384K, used 272384K [0x00000000eab00000, 0x0000000100000000, 0x0000000100000000)
  eden space 195584K, 100% used [0x00000000eab00000,0x00000000f6a00000,0x00000000f6a00000)
  from space 76800K, 100% used [0x00000000f6a00000,0x00000000fb500000,0x00000000fb500000)
  to   space 76800K, 0% used [0x00000000fb500000,0x00000000fb500000,0x0000000100000000)
 ParOldGen       total 539136K, used 449150K [0x00000000c0000000, 0x00000000e0e80000, 0x00000000eab00000)
  object space 539136K, 83% used [0x00000000c0000000,0x00000000db69fb38,0x00000000e0e80000)
 Metaspace       used 66688K, capacity 67684K, committed 67840K, reserved 1107968K
  class space    used 8907K, capacity 9213K, committed 9216K, reserved 1048576K
Event: 110.778 GC heap after
Heap after GC invocations=48 (full 8):
 PSYoungGen      total 239616K, used 53024K [0x00000000eab00000, 0x0000000100000000, 0x0000000100000000)
  eden space 162816K, 0% used [0x00000000eab00000,0x00000000eab00000,0x00000000f4a00000)
  from space 76800K, 69% used [0x00000000fb500000,0x00000000fe8c8000,0x0000000100000000)
  to   space 93184K, 0% used [0x00000000f4a00000,0x00000000f4a00000,0x00000000fa500000)
 ParOldGen       total 539136K, used 526246K [0x00000000c0000000, 0x00000000e0e80000, 0x00000000eab00000)
  object space 539136K, 97% used [0x00000000c0000000,0x00000000e01e9b38,0x00000000e0e80000)
 Metaspace       used 66688K, capacity 67684K, committed 67840K, reserved 1107968K
  class space    used 8907K, capacity 9213K, committed 9216K, reserved 1048576K
}
Event: 110.778 GC heap before
{Heap before GC invocations=49 (full 9):
 PSYoungGen      total 239616K, used 53024K [0x00000000eab00000, 0x0000000100000000, 0x0000000100000000)
  eden space 162816K, 0% used [0x00000000eab00000,0x00000000eab00000,0x00000000f4a00000)
  from space 76800K, 69% used [0x00000000fb500000,0x00000000fe8c8000,0x0000000100000000)
  to   space 93184K, 0% used [0x00000000f4a00000,0x00000000f4a00000,0x00000000fa500000)
 ParOldGen       total 539136K, used 526246K [0x00000000c0000000, 0x00000000e0e80000, 0x00000000eab00000)
  object space 539136K, 97% used [0x00000000c0000000,0x00000000e01e9b38,0x00000000e0e80000)
 Metaspace       used 66688K, capacity 67684K, committed 67840K, reserved 1107968K
  class space    used 8907K, capacity 9213K, committed 9216K, reserved 1048576K
Event: 112.585 GC heap after
Heap after GC invocations=49 (full 9):
 PSYoungGen      total 239616K, used 0K [0x00000000eab00000, 0x0000000100000000, 0x0000000100000000)
  eden space 162816K, 0% used [0x00000000eab00000,0x00000000eab00000,0x00000000f4a00000)
  from space 76800K, 0% used [0x00000000fb500000,0x00000000fb500000,0x0000000100000000)
  to   space 93184K, 0% used [0x00000000f4a00000,0x00000000f4a00000,0x00000000fa500000)
 ParOldGen       total 539136K, used 430990K [0x00000000c0000000, 0x00000000e0e80000, 0x00000000eab00000)
  object space 539136K, 79% used [0x00000000c0000000,0x00000000da4e38e8,0x00000000e0e80000)
 Metaspace       used 66688K, capacity 67684K, committed 67840K, reserved 1107968K
  class space    used 8907K, capacity 9213K, committed 9216K, reserved 1048576K
}
Event: 112.858 GC heap before
{Heap before GC invocations=50 (full 9):
 PSYoungGen      total 239616K, used 162816K [0x00000000eab00000, 0x0000000100000000, 0x0000000100000000)
  eden space 162816K, 100% used [0x00000000eab00000,0x00000000f4a00000,0x00000000f4a00000)
  from space 76800K, 0% used [0x00000000fb500000,0x00000000fb500000,0x0000000100000000)
  to   space 93184K, 0% used [0x00000000f4a00000,0x00000000f4a00000,0x00000000fa500000)
 ParOldGen       total 539136K, used 430990K [0x00000000c0000000, 0x00000000e0e80000, 0x00000000eab00000)
  object space 539136K, 79% used [0x00000000c0000000,0x00000000da4e38e8,0x00000000e0e80000)
 Metaspace       used 66699K, capacity 67684K, committed 67840K, reserved 1107968K
  class space    used 8907K, capacity 9213K, committed 9216K, reserved 1048576K
Event: 112.971 GC heap after
Heap after GC invocations=50 (full 9):
 PSYoungGen      total 256000K, used 45088K [0x00000000eab00000, 0x0000000100000000, 0x0000000100000000)
  eden space 162816K, 0% used [0x00000000eab00000,0x00000000eab00000,0x00000000f4a00000)
  from space 93184K, 48% used [0x00000000f4a00000,0x00000000f7608000,0x00000000fa500000)
  to   space 89600K, 0% used [0x00000000fa880000,0x00000000fa880000,0x0000000100000000)
 ParOldGen       total 539136K, used 430990K [0x00000000c0000000, 0x00000000e0e80000, 0x00000000eab00000)
  object space 539136K, 79% used [0x00000000c0000000,0x00000000da4e38e8,0x00000000e0e80000)
 Metaspace       used 66699K, capacity 67684K, committed 67840K, reserved 1107968K
  class space    used 8907K, capacity 9213K, committed 9216K, reserved 1048576K
}
Event: 114.454 GC heap before
{Heap before GC invocations=51 (full 9):
 PSYoungGen      total 256000K, used 207904K [0x00000000eab00000, 0x0000000100000000, 0x0000000100000000)
  eden space 162816K, 100% used [0x00000000eab00000,0x00000000f4a00000,0x00000000f4a00000)
  from space 93184K, 48% used [0x00000000f4a00000,0x00000000f7608000,0x00000000fa500000)
  to   space 89600K, 0% used [0x00000000fa880000,0x00000000fa880000,0x0000000100000000)
 ParOldGen       total 539136K, used 430990K [0x00000000c0000000, 0x00000000e0e80000, 0x00000000eab00000)
  object space 539136K, 79% used [0x00000000c0000000,0x00000000da4e38e8,0x00000000e0e80000)
 Metaspace       used 68195K, capacity 69252K, committed 69504K, reserved 1110016K
  class space    used 9008K, capacity 9309K, committed 9344K, reserved 1048576K
Event: 114.576 GC heap after
Heap after GC invocations=51 (full 9):
 PSYoungGen      total 255488K, used 63981K [0x00000000eab00000, 0x00000000fff80000, 0x0000000100000000)
  eden space 166400K, 0% used [0x00000000eab00000,0x00000000eab00000,0x00000000f4d80000)
  from space 89088K, 71% used [0x00000000fa880000,0x00000000fe6fb6a0,0x00000000fff80000)
  to   space 91136K, 0% used [0x00000000f4d80000,0x00000000f4d80000,0x00000000fa680000)
 ParOldGen       total 539136K, used 430998K [0x00000000c0000000, 0x00000000e0e80000, 0x00000000eab00000)
  object space 539136K, 79% used [0x00000000c0000000,0x00000000da4e58e8,0x00000000e0e80000)
 Metaspace       used 68195K, capacity 69252K, committed 69504K, reserved 1110016K
  class space    used 9008K, capacity 9309K, committed 9344K, reserved 1048576K
}

